<?xml version="1.0" encoding="UTF-8"?>
<!-- Generated by org.testng.reporters.JUnitReportReporter -->
<testsuite hostname="Mud" failures="0" tests="1" name="com.automation.tests.gameflipSoldAnalysisTests" time="46590.234" errors="0" timestamp="2024-11-14T12:04:41 CST" skipped="0">
  <testcase classname="com.automation.tests.gameflipSoldAnalysisTests" name="analyse" time="46590.234"/>
  <system-out/>
</testsuite> <!-- com.automation.tests.gameflipSoldAnalysisTests -->
