<?xml version="1.0" encoding="UTF-8"?>
<!-- Generated by org.testng.reporters.JUnitReportReporter -->
<testsuite hostname="Mud" failures="0" tests="1" name="com.automation.tests.gameflipSoldAnalysisTests" time="1166.832" errors="0" timestamp="2024-11-13T20:45:48 CST" skipped="0">
  <testcase classname="com.automation.tests.gameflipSoldAnalysisTests" name="analyse" time="1166.832"/>
  <system-out/>
</testsuite> <!-- com.automation.tests.gameflipSoldAnalysisTests -->
