<?xml version="1.0" encoding="UTF-8"?>
<!-- Generated by org.testng.reporters.JUnitReportReporter -->
<testsuite hostname="Mud.local" failures="0" tests="1" name="com.automation.tests.LoginTests" time="5.254" errors="0" timestamp="2023-11-22T13:08:16 CST" skipped="0">
  <testcase classname="com.automation.tests.LoginTests" name="verifyUserLoginWithCorrectCredentials" time="5.254"/>
  <system-out/>
</testsuite> <!-- com.automation.tests.LoginTests -->
