<?xml version="1.0" encoding="UTF-8"?>
<!-- Generated by org.testng.reporters.JUnitReportReporter -->
<testsuite hostname="Mud" failures="0" tests="1" name="com.automation.tests.RegisterHotmailTests" time="35.145" errors="0" timestamp="2024-11-29T22:05:29 CST" skipped="0">
  <testcase classname="com.automation.tests.RegisterHotmailTests" name="verifySignUp" time="35.145"/>
  <system-out/>
</testsuite> <!-- com.automation.tests.RegisterHotmailTests -->
