<?xml version="1.0" encoding="UTF-8"?>
<!-- Generated by org.testng.reporters.JUnitReportReporter -->
<testsuite hostname="Mud" failures="0" tests="1" name="com.automation.tests.SignInNSentEmailTests" time="71.684" errors="0" timestamp="2024-11-29T23:04:52 CST" skipped="0">
  <testcase classname="com.automation.tests.SignInNSentEmailTests" name="verifySignInNSentEmail" time="71.684"/>
  <system-out/>
</testsuite> <!-- com.automation.tests.SignInNSentEmailTests -->
