<?xml version="1.0" encoding="UTF-8"?>
<!-- Generated by org.testng.reporters.JUnitReportReporter -->
<testsuite hostname="Mud.local" failures="0" tests="1" name="com.automation.tests.RegisterHotmailTests" time="41.487" errors="0" timestamp="2024-07-24T00:02:23 CST" skipped="0">
  <testcase classname="com.automation.tests.RegisterHotmailTests" name="verifySignUp" time="41.487"/>
  <system-out/>
</testsuite> <!-- com.automation.tests.RegisterHotmailTests -->
