<?xml version="1.0" encoding="UTF-8"?>
<testsuite xmlns:xsi="http://www.w3.org/2001/XMLSchema-instance" xsi:noNamespaceSchemaLocation="https://maven.apache.org/surefire/maven-surefire-plugin/xsd/surefire-test-report-3.0.xsd" version="3.0" name="com.automation.tests.RegisterNTITests" time="12.073" tests="1" errors="0" skipped="0" failures="1">
  <properties>
    <property name="socksProxyHost" value="127.0.0.1"/>
    <property name="http.proxyHost" value="127.0.0.1"/>
    <property name="java.specification.version" value="20"/>
    <property name="sun.jnu.encoding" value="UTF-8"/>
    <property name="java.class.path" value="/Users/skew/ModularFramework/target/test-classes:/Users/skew/ModularFramework/target/classes:/Users/skew/.m2/repository/org/seleniumhq/selenium/selenium-java/3.141.59/selenium-java-3.141.59.jar:/Users/skew/.m2/repository/org/seleniumhq/selenium/selenium-api/3.141.59/selenium-api-3.141.59.jar:/Users/skew/.m2/repository/org/seleniumhq/selenium/selenium-chrome-driver/3.141.59/selenium-chrome-driver-3.141.59.jar:/Users/skew/.m2/repository/org/seleniumhq/selenium/selenium-edge-driver/3.141.59/selenium-edge-driver-3.141.59.jar:/Users/skew/.m2/repository/org/seleniumhq/selenium/selenium-firefox-driver/3.141.59/selenium-firefox-driver-3.141.59.jar:/Users/skew/.m2/repository/org/seleniumhq/selenium/selenium-ie-driver/3.141.59/selenium-ie-driver-3.141.59.jar:/Users/skew/.m2/repository/org/seleniumhq/selenium/selenium-opera-driver/3.141.59/selenium-opera-driver-3.141.59.jar:/Users/skew/.m2/repository/org/seleniumhq/selenium/selenium-remote-driver/3.141.59/selenium-remote-driver-3.141.59.jar:/Users/skew/.m2/repository/org/seleniumhq/selenium/selenium-safari-driver/3.141.59/selenium-safari-driver-3.141.59.jar:/Users/skew/.m2/repository/org/seleniumhq/selenium/selenium-support/3.141.59/selenium-support-3.141.59.jar:/Users/skew/.m2/repository/net/bytebuddy/byte-buddy/1.8.15/byte-buddy-1.8.15.jar:/Users/skew/.m2/repository/org/apache/commons/commons-exec/1.3/commons-exec-1.3.jar:/Users/skew/.m2/repository/com/google/guava/guava/25.0-jre/guava-25.0-jre.jar:/Users/skew/.m2/repository/com/google/code/findbugs/jsr305/1.3.9/jsr305-1.3.9.jar:/Users/skew/.m2/repository/org/checkerframework/checker-compat-qual/2.0.0/checker-compat-qual-2.0.0.jar:/Users/skew/.m2/repository/com/google/errorprone/error_prone_annotations/2.1.3/error_prone_annotations-2.1.3.jar:/Users/skew/.m2/repository/com/google/j2objc/j2objc-annotations/1.1/j2objc-annotations-1.1.jar:/Users/skew/.m2/repository/org/codehaus/mojo/animal-sniffer-annotations/1.14/animal-sniffer-annotations-1.14.jar:/Users/skew/.m2/repository/com/squareup/okhttp3/okhttp/3.11.0/okhttp-3.11.0.jar:/Users/skew/.m2/repository/com/squareup/okio/okio/1.14.0/okio-1.14.0.jar:/Users/skew/.m2/repository/org/testng/testng/7.1.0/testng-7.1.0.jar:/Users/skew/.m2/repository/com/beust/jcommander/1.72/jcommander-1.72.jar:/Users/skew/.m2/repository/com/google/inject/guice/4.1.0/guice-4.1.0-no_aop.jar:/Users/skew/.m2/repository/javax/inject/javax.inject/1/javax.inject-1.jar:/Users/skew/.m2/repository/aopalliance/aopalliance/1.0/aopalliance-1.0.jar:/Users/skew/.m2/repository/org/yaml/snakeyaml/1.21/snakeyaml-1.21.jar:/Users/skew/.m2/repository/commons-io/commons-io/2.6/commons-io-2.6.jar:/Users/skew/.m2/repository/com/aventstack/extentreports/3.1.5/extentreports-3.1.5.jar:/Users/skew/.m2/repository/org/freemarker/freemarker/2.3.23/freemarker-2.3.23.jar:/Users/skew/.m2/repository/org/mongodb/mongodb-driver/3.3.0/mongodb-driver-3.3.0.jar:/Users/skew/.m2/repository/org/mongodb/bson/3.3.0/bson-3.3.0.jar:/Users/skew/.m2/repository/org/mongodb/mongodb-driver-core/3.3.0/mongodb-driver-core-3.3.0.jar:/Users/skew/.m2/repository/org/apache/httpcomponents/httpclient/4.5.2/httpclient-4.5.2.jar:/Users/skew/.m2/repository/org/apache/httpcomponents/httpcore/4.4.4/httpcore-4.4.4.jar:/Users/skew/.m2/repository/commons-logging/commons-logging/1.2/commons-logging-1.2.jar:/Users/skew/.m2/repository/commons-codec/commons-codec/1.9/commons-codec-1.9.jar:/Users/skew/.m2/repository/org/apache/httpcomponents/httpmime/4.5.2/httpmime-4.5.2.jar:/Users/skew/.m2/repository/org/jsoup/jsoup/1.9.2/jsoup-1.9.2.jar:/Users/skew/.m2/repository/com/google/code/gson/gson/2.8.0/gson-2.8.0.jar:"/>
    <property name="https.proxyPort" value="7890"/>
    <property name="java.vm.vendor" value="Oracle Corporation"/>
    <property name="sun.arch.data.model" value="64"/>
    <property name="java.vendor.url" value="https://java.oracle.com/"/>
    <property name="os.name" value="Mac OS X"/>
    <property name="java.vm.specification.version" value="20"/>
    <property name="sun.java.launcher" value="SUN_STANDARD"/>
    <property name="user.country" value="US"/>
    <property name="sun.boot.library.path" value="/Library/Java/JavaVirtualMachines/jdk-20.jdk/Contents/Home/lib"/>
    <property name="sun.java.command" value="/Users/skew/ModularFramework/target/surefire/surefirebooter17535060388346910079.jar /Users/skew/ModularFramework/target/surefire 2024-06-07T07-41-30_018-jvmRun1 surefire11750111836827394329tmp surefire_011555066270807373515tmp"/>
    <property name="http.nonProxyHosts" value="127.0.0.1|localhost|*.localhost|&lt;local&gt;|*.&lt;local&gt;"/>
    <property name="jdk.debug" value="release"/>
    <property name="test" value="RegisterNTITests"/>
    <property name="surefire.test.class.path" value="/Users/skew/ModularFramework/target/test-classes:/Users/skew/ModularFramework/target/classes:/Users/skew/.m2/repository/org/seleniumhq/selenium/selenium-java/3.141.59/selenium-java-3.141.59.jar:/Users/skew/.m2/repository/org/seleniumhq/selenium/selenium-api/3.141.59/selenium-api-3.141.59.jar:/Users/skew/.m2/repository/org/seleniumhq/selenium/selenium-chrome-driver/3.141.59/selenium-chrome-driver-3.141.59.jar:/Users/skew/.m2/repository/org/seleniumhq/selenium/selenium-edge-driver/3.141.59/selenium-edge-driver-3.141.59.jar:/Users/skew/.m2/repository/org/seleniumhq/selenium/selenium-firefox-driver/3.141.59/selenium-firefox-driver-3.141.59.jar:/Users/skew/.m2/repository/org/seleniumhq/selenium/selenium-ie-driver/3.141.59/selenium-ie-driver-3.141.59.jar:/Users/skew/.m2/repository/org/seleniumhq/selenium/selenium-opera-driver/3.141.59/selenium-opera-driver-3.141.59.jar:/Users/skew/.m2/repository/org/seleniumhq/selenium/selenium-remote-driver/3.141.59/selenium-remote-driver-3.141.59.jar:/Users/skew/.m2/repository/org/seleniumhq/selenium/selenium-safari-driver/3.141.59/selenium-safari-driver-3.141.59.jar:/Users/skew/.m2/repository/org/seleniumhq/selenium/selenium-support/3.141.59/selenium-support-3.141.59.jar:/Users/skew/.m2/repository/net/bytebuddy/byte-buddy/1.8.15/byte-buddy-1.8.15.jar:/Users/skew/.m2/repository/org/apache/commons/commons-exec/1.3/commons-exec-1.3.jar:/Users/skew/.m2/repository/com/google/guava/guava/25.0-jre/guava-25.0-jre.jar:/Users/skew/.m2/repository/com/google/code/findbugs/jsr305/1.3.9/jsr305-1.3.9.jar:/Users/skew/.m2/repository/org/checkerframework/checker-compat-qual/2.0.0/checker-compat-qual-2.0.0.jar:/Users/skew/.m2/repository/com/google/errorprone/error_prone_annotations/2.1.3/error_prone_annotations-2.1.3.jar:/Users/skew/.m2/repository/com/google/j2objc/j2objc-annotations/1.1/j2objc-annotations-1.1.jar:/Users/skew/.m2/repository/org/codehaus/mojo/animal-sniffer-annotations/1.14/animal-sniffer-annotations-1.14.jar:/Users/skew/.m2/repository/com/squareup/okhttp3/okhttp/3.11.0/okhttp-3.11.0.jar:/Users/skew/.m2/repository/com/squareup/okio/okio/1.14.0/okio-1.14.0.jar:/Users/skew/.m2/repository/org/testng/testng/7.1.0/testng-7.1.0.jar:/Users/skew/.m2/repository/com/beust/jcommander/1.72/jcommander-1.72.jar:/Users/skew/.m2/repository/com/google/inject/guice/4.1.0/guice-4.1.0-no_aop.jar:/Users/skew/.m2/repository/javax/inject/javax.inject/1/javax.inject-1.jar:/Users/skew/.m2/repository/aopalliance/aopalliance/1.0/aopalliance-1.0.jar:/Users/skew/.m2/repository/org/yaml/snakeyaml/1.21/snakeyaml-1.21.jar:/Users/skew/.m2/repository/commons-io/commons-io/2.6/commons-io-2.6.jar:/Users/skew/.m2/repository/com/aventstack/extentreports/3.1.5/extentreports-3.1.5.jar:/Users/skew/.m2/repository/org/freemarker/freemarker/2.3.23/freemarker-2.3.23.jar:/Users/skew/.m2/repository/org/mongodb/mongodb-driver/3.3.0/mongodb-driver-3.3.0.jar:/Users/skew/.m2/repository/org/mongodb/bson/3.3.0/bson-3.3.0.jar:/Users/skew/.m2/repository/org/mongodb/mongodb-driver-core/3.3.0/mongodb-driver-core-3.3.0.jar:/Users/skew/.m2/repository/org/apache/httpcomponents/httpclient/4.5.2/httpclient-4.5.2.jar:/Users/skew/.m2/repository/org/apache/httpcomponents/httpcore/4.4.4/httpcore-4.4.4.jar:/Users/skew/.m2/repository/commons-logging/commons-logging/1.2/commons-logging-1.2.jar:/Users/skew/.m2/repository/commons-codec/commons-codec/1.9/commons-codec-1.9.jar:/Users/skew/.m2/repository/org/apache/httpcomponents/httpmime/4.5.2/httpmime-4.5.2.jar:/Users/skew/.m2/repository/org/jsoup/jsoup/1.9.2/jsoup-1.9.2.jar:/Users/skew/.m2/repository/com/google/code/gson/gson/2.8.0/gson-2.8.0.jar:"/>
    <property name="sun.cpu.endian" value="little"/>
    <property name="user.home" value="/Users/skew"/>
    <property name="user.language" value="zh"/>
    <property name="java.specification.vendor" value="Oracle Corporation"/>
    <property name="java.version.date" value="2023-03-21"/>
    <property name="java.home" value="/Library/Java/JavaVirtualMachines/jdk-20.jdk/Contents/Home"/>
    <property name="file.separator" value="/"/>
    <property name="https.proxyHost" value="127.0.0.1"/>
    <property name="basedir" value="/Users/skew/ModularFramework"/>
    <property name="java.vm.compressedOopsMode" value="Zero based"/>
    <property name="line.separator" value="&#10;"/>
    <property name="java.vm.specification.vendor" value="Oracle Corporation"/>
    <property name="java.specification.name" value="Java Platform API Specification"/>
    <property name="apple.awt.application.name" value="ForkedBooter"/>
    <property name="surefire.real.class.path" value="/Users/skew/ModularFramework/target/surefire/surefirebooter17535060388346910079.jar"/>
    <property name="user.script" value="Hans"/>
    <property name="sun.management.compiler" value="HotSpot 64-Bit Tiered Compilers"/>
    <property name="ftp.nonProxyHosts" value="127.0.0.1|localhost|*.localhost|&lt;local&gt;|*.&lt;local&gt;"/>
    <property name="java.runtime.version" value="20+36-2344"/>
    <property name="user.name" value="skew"/>
    <property name="stdout.encoding" value="UTF-8"/>
    <property name="path.separator" value=":"/>
    <property name="os.version" value="10.15.7"/>
    <property name="java.runtime.name" value="OpenJDK Runtime Environment"/>
    <property name="file.encoding" value="UTF-8"/>
    <property name="java.vm.name" value="OpenJDK 64-Bit Server VM"/>
    <property name="localRepository" value="/Users/skew/.m2/repository"/>
    <property name="java.vendor.url.bug" value="https://bugreport.java.com/bugreport/"/>
    <property name="java.io.tmpdir" value="/var/folders/88/tl67xjt961j_pbzg7tpvgcsw0000gq/T/"/>
    <property name="java.version" value="20"/>
    <property name="user.dir" value="/Users/skew/ModularFramework"/>
    <property name="os.arch" value="x86_64"/>
    <property name="socksProxyPort" value="7890"/>
    <property name="java.vm.specification.name" value="Java Virtual Machine Specification"/>
    <property name="native.encoding" value="UTF-8"/>
    <property name="java.library.path" value="/Users/skew/Library/Java/Extensions:/Library/Java/Extensions:/Network/Library/Java/Extensions:/System/Library/Java/Extensions:/usr/lib/java:."/>
    <property name="java.vm.info" value="mixed mode, sharing"/>
    <property name="stderr.encoding" value="UTF-8"/>
    <property name="java.vendor" value="Oracle Corporation"/>
    <property name="java.vm.version" value="20+36-2344"/>
    <property name="sun.io.unicode.encoding" value="UnicodeBig"/>
    <property name="socksNonProxyHosts" value="127.0.0.1|localhost|*.localhost|&lt;local&gt;|*.&lt;local&gt;"/>
    <property name="java.class.version" value="64.0"/>
    <property name="http.proxyPort" value="7890"/>
  </properties>
  <testcase name="signUpAndGrant" classname="com.automation.tests.RegisterNTITests" time="8.336">
    <failure message="Keys to send should be a not null CharSequence" type="java.lang.IllegalArgumentException">java.lang.IllegalArgumentException: Keys to send should be a not null CharSequence
	at com.automation.tests.RegisterNTITests.signUpAndGrant(RegisterNTITests.java:31)
</failure>
    <system-out><![CDATA[Configuring TestNG with: TestNG60Configurator
]]></system-out>
    <system-err><![CDATA[Starting ChromeDriver 125.0.6422.76 (67dcf7562b8fb4ab0819135589e37a97bcc8942c-refs/branch-heads/6422@{#1086}) on port 16502
Only local connections are allowed.
Please see https://chromedriver.chromium.org/security-considerations for suggestions on keeping ChromeDriver safe.
ChromeDriver was started successfully.
Jun 07, 2024 7:41:32 AM org.openqa.selenium.remote.ProtocolHandshake createSession
INFO: Detected dialect: W3C
]]></system-err>
  </testcase>
</testsuite>